<?xml version="1.0" encoding="UTF-8"?>
<testsuite name="PhoneFormatRuleTest" tests="11" skipped="0" failures="0" errors="0" timestamp="2026-01-19T14:21:23" hostname="BIFROST" time="0.007">
  <properties/>
  <testcase name="shouldFlagPhoneWithLettersAsFraud()" classname="PhoneFormatRuleTest" time="0.0"/>
  <testcase name="shouldFlagTooLongPhoneAsFraud()" classname="PhoneFormatRuleTest" time="0.0"/>
  <testcase name="shouldRejectPhoneStartingWithZeroAfterNormalization()" classname="PhoneFormatRuleTest" time="0.001"/>
  <testcase name="shouldFlagNullPhoneAsFraud()" classname="PhoneFormatRuleTest" time="0.0"/>
  <testcase name="shouldFlagTooShortPhoneAsFraud()" classname="PhoneFormatRuleTest" time="0.0"/>
  <testcase name="shouldFlagEmptyPhoneAsFraud()" classname="PhoneFormatRuleTest" time="0.001"/>
  <testcase name="shouldAcceptPhoneWithSpacesAndDashes()" classname="PhoneFormatRuleTest" time="0.001"/>
  <testcase name="shouldFlagRepeatedDigitsWithPlusAsFraud()" classname="PhoneFormatRuleTest" time="0.001"/>
  <testcase name="shouldAcceptValidPhoneWithoutPlus()" classname="PhoneFormatRuleTest" time="0.0"/>
  <testcase name="shouldFlagRepeatedDigitsPhoneAsFraud()" classname="PhoneFormatRuleTest" time="0.0"/>
  <testcase name="shouldAcceptValidInternationalPhoneWithPlus()" classname="PhoneFormatRuleTest" time="0.0"/>
  <system-out><![CDATA[]]></system-out>
  <system-err><![CDATA[]]></system-err>
</testsuite>
